kotlin version: 2.1.10
error message: org.jetbrains.kotlin.backend.common.BackendException: Backend Internal error: Exception during IR lowering
File being compiled: D:/Hoctap/Pokedex/app/src/main/java/com/jetpack/pokedex/MainActivity.kt
The root cause java.lang.RuntimeException was thrown at: org.jetbrains.kotlin.backend.jvm.codegen.FunctionCodegen.generate(FunctionCodegen.kt:48)
	at org.jetbrains.kotlin.backend.common.CodegenUtil.reportBackendException(CodegenUtil.kt:253)
	at org.jetbrains.kotlin.backend.common.CodegenUtil.reportBackendException$default(CodegenUtil.kt:236)
	at org.jetbrains.kotlin.backend.common.phaser.PerformByIrFilePhase.invokeSequential(performByIrFile.kt:55)
	at org.jetbrains.kotlin.backend.common.phaser.PerformByIrFilePhase.invoke(performByIrFile.kt:42)
	at org.jetbrains.kotlin.backend.common.phaser.PerformByIrFilePhase.invoke(performByIrFile.kt:28)
	at org.jetbrains.kotlin.backend.common.phaser.NamedCompilerPhase.phaseBody(CompilerPhase.kt:166)
	at org.jetbrains.kotlin.backend.common.phaser.AbstractNamedCompilerPhase.invoke(CompilerPhase.kt:113)
	at org.jetbrains.kotlin.backend.common.phaser.CompositePhase.invoke(PhaseBuilders.kt:27)
	at org.jetbrains.kotlin.backend.common.phaser.CompositePhase.invoke(PhaseBuilders.kt:14)
	at org.jetbrains.kotlin.backend.common.phaser.NamedCompilerPhase.phaseBody(CompilerPhase.kt:166)
	at org.jetbrains.kotlin.backend.common.phaser.AbstractNamedCompilerPhase.invoke(CompilerPhase.kt:113)
	at org.jetbrains.kotlin.backend.common.phaser.CompilerPhaseKt.invokeToplevel(CompilerPhase.kt:62)
	at org.jetbrains.kotlin.backend.jvm.JvmIrCodegenFactory.invokeCodegen(JvmIrCodegenFactory.kt:371)
	at org.jetbrains.kotlin.codegen.CodegenFactory.generateModule(CodegenFactory.kt:47)
	at org.jetbrains.kotlin.backend.jvm.JvmIrCodegenFactory.generateModuleInFrontendIRMode(JvmIrCodegenFactory.kt:433)
	at org.jetbrains.kotlin.cli.jvm.compiler.pipeline.JvmCompilerPipelineKt.generateCodeFromIr(jvmCompilerPipeline.kt:192)
	at org.jetbrains.kotlin.cli.jvm.compiler.pipeline.JvmCompilerPipelineKt.runBackend(jvmCompilerPipeline.kt:80)
	at org.jetbrains.kotlin.cli.jvm.compiler.pipeline.JvmCompilerPipelineLightTreeKt.compileModule(jvmCompilerPipelineLightTree.kt:264)
	at org.jetbrains.kotlin.cli.jvm.compiler.pipeline.JvmCompilerPipelineLightTreeKt.compileSingleModuleUsingFrontendIrAndLightTree(jvmCompilerPipelineLightTree.kt:231)
	at org.jetbrains.kotlin.cli.jvm.compiler.pipeline.JvmCompilerPipelineLightTreeKt.compileModulesUsingFrontendIrAndLightTree(jvmCompilerPipelineLightTree.kt:86)
	at org.jetbrains.kotlin.cli.jvm.K2JVMCompiler.doExecute(K2JVMCompiler.kt:146)
	at org.jetbrains.kotlin.cli.jvm.K2JVMCompiler.doExecute(K2JVMCompiler.kt:43)
	at org.jetbrains.kotlin.cli.common.CLICompiler.execImpl(CLICompiler.kt:102)
	at org.jetbrains.kotlin.cli.common.CLICompiler.exec(CLICompiler.kt:316)
	at org.jetbrains.kotlin.incremental.IncrementalJvmCompilerRunner.runCompiler(IncrementalJvmCompilerRunner.kt:464)
	at org.jetbrains.kotlin.incremental.IncrementalJvmCompilerRunner.runCompiler(IncrementalJvmCompilerRunner.kt:73)
	at org.jetbrains.kotlin.incremental.IncrementalCompilerRunner.doCompile(IncrementalCompilerRunner.kt:506)
	at org.jetbrains.kotlin.incremental.IncrementalCompilerRunner.compileImpl(IncrementalCompilerRunner.kt:423)
	at org.jetbrains.kotlin.incremental.IncrementalCompilerRunner.compileNonIncrementally(IncrementalCompilerRunner.kt:301)
	at org.jetbrains.kotlin.incremental.IncrementalCompilerRunner.compile(IncrementalCompilerRunner.kt:129)
	at org.jetbrains.kotlin.daemon.CompileServiceImplBase.execIncrementalCompiler(CompileServiceImpl.kt:683)
	at org.jetbrains.kotlin.daemon.CompileServiceImplBase.access$execIncrementalCompiler(CompileServiceImpl.kt:91)
	at org.jetbrains.kotlin.daemon.CompileServiceImpl.compile(CompileServiceImpl.kt:1811)
	at java.base/jdk.internal.reflect.DirectMethodHandleAccessor.invoke(Unknown Source)
	at java.base/java.lang.reflect.Method.invoke(Unknown Source)
	at java.rmi/sun.rmi.server.UnicastServerRef.dispatch(Unknown Source)
	at java.rmi/sun.rmi.transport.Transport$1.run(Unknown Source)
	at java.rmi/sun.rmi.transport.Transport$1.run(Unknown Source)
	at java.base/java.security.AccessController.doPrivileged(Unknown Source)
	at java.rmi/sun.rmi.transport.Transport.serviceCall(Unknown Source)
	at java.rmi/sun.rmi.transport.tcp.TCPTransport.handleMessages(Unknown Source)
	at java.rmi/sun.rmi.transport.tcp.TCPTransport$ConnectionHandler.run0(Unknown Source)
	at java.rmi/sun.rmi.transport.tcp.TCPTransport$ConnectionHandler.lambda$run$0(Unknown Source)
	at java.base/java.security.AccessController.doPrivileged(Unknown Source)
	at java.rmi/sun.rmi.transport.tcp.TCPTransport$ConnectionHandler.run(Unknown Source)
	at java.base/java.util.concurrent.ThreadPoolExecutor.runWorker(Unknown Source)
	at java.base/java.util.concurrent.ThreadPoolExecutor$Worker.run(Unknown Source)
	at java.base/java.lang.Thread.run(Unknown Source)
Caused by: java.lang.RuntimeException: Exception while generating code for:
FUN LOCAL_FUNCTION_FOR_LAMBDA name:PokemonListScreen$lambda$9 visibility:private modality:FINAL <> ($pokemonList$delegate:androidx.compose.runtime.State<kotlin.collections.List<com.jetpack.pokedex.data.model.Pokemon>>, $isLoading$delegate:androidx.compose.runtime.State<kotlin.Boolean>, $errorMessage$delegate:androidx.compose.runtime.State<kotlin.String?>, $viewModel:com.jetpack.pokedex.viewmodel.PokemonViewModel, $canLoadMore$delegate:androidx.compose.runtime.State<kotlin.Boolean>) returnType:kotlin.Unit?
  VALUE_PARAMETER BOUND_VALUE_PARAMETER name:$pokemonList$delegate index:0 type:androidx.compose.runtime.State<kotlin.collections.List<com.jetpack.pokedex.data.model.Pokemon>>
  VALUE_PARAMETER BOUND_VALUE_PARAMETER name:$isLoading$delegate index:1 type:androidx.compose.runtime.State<kotlin.Boolean>
  VALUE_PARAMETER BOUND_VALUE_PARAMETER name:$errorMessage$delegate index:2 type:androidx.compose.runtime.State<kotlin.String?>
  VALUE_PARAMETER BOUND_VALUE_PARAMETER name:$viewModel index:3 type:com.jetpack.pokedex.viewmodel.PokemonViewModel
  VALUE_PARAMETER BOUND_VALUE_PARAMETER name:$canLoadMore$delegate index:4 type:androidx.compose.runtime.State<kotlin.Boolean>
  BLOCK_BODY
    CALL 'public final fun Box$default (modifier: androidx.compose.ui.Modifier?, contentAlignment: androidx.compose.ui.Alignment?, propagateMinConstraints: kotlin.Boolean, content: @[Composable] @[ExtensionFunctionType] kotlin.Function1<androidx.compose.foundation.layout.BoxScope, kotlin.Unit>, $mask0: kotlin.Int, $handler: kotlin.Any?): kotlin.Unit [inline] declared in androidx.compose.foundation.layout.BoxKt' type=kotlin.Unit origin=DEFAULT_DISPATCH_CALL
      modifier: CALL 'public final fun fillMaxSize$default (fraction: kotlin.Float, $mask0: kotlin.Int, $handler: kotlin.Any?): androidx.compose.ui.Modifier declared in androidx.compose.foundation.layout.SizeKt' type=androidx.compose.ui.Modifier origin=DEFAULT_DISPATCH_CALL
        $receiver: GET_FIELD 'FIELD FIELD_FOR_OBJECT_INSTANCE name:Companion type:androidx.compose.ui.Modifier.Companion visibility:public [final,static] declared in androidx.compose.ui.Modifier' type=androidx.compose.ui.Modifier.Companion origin=null
        fraction: COMPOSITE type=kotlin.Float origin=DEFAULT_VALUE
          CONST Float type=kotlin.Float value=0.0
        $mask0: CONST Int type=kotlin.Int value=1
        $handler: CONST Null type=kotlin.Any? value=null
      contentAlignment: COMPOSITE type=androidx.compose.ui.Alignment? origin=DEFAULT_VALUE
        CONST Null type=androidx.compose.ui.Alignment? value=null
      propagateMinConstraints: COMPOSITE type=kotlin.Boolean origin=DEFAULT_VALUE
        CONST Boolean type=kotlin.Boolean value=false
      content: BLOCK type=@[ExtensionFunctionType] kotlin.Function1<androidx.compose.foundation.layout.BoxScope, kotlin.Unit> origin=LAMBDA
        COMPOSITE type=kotlin.Unit origin=null
        FUNCTION_REFERENCE 'private final fun PokemonListScreen$lambda$9$lambda$8 ($pokemonList$delegate: androidx.compose.runtime.State<kotlin.collections.List<com.jetpack.pokedex.data.model.Pokemon>>, $isLoading$delegate: androidx.compose.runtime.State<kotlin.Boolean>, $errorMessage$delegate: androidx.compose.runtime.State<kotlin.String?>, $viewModel: com.jetpack.pokedex.viewmodel.PokemonViewModel, $canLoadMore$delegate: androidx.compose.runtime.State<kotlin.Boolean>): kotlin.Unit declared in com.jetpack.pokedex.MainActivityKt' type=@[ExtensionFunctionType] kotlin.Function1<androidx.compose.foundation.layout.BoxScope, kotlin.Unit> origin=INLINE_LAMBDA reflectionTarget=null
          $pokemonList$delegate: GET_VAR '$pokemonList$delegate: androidx.compose.runtime.State<kotlin.collections.List<com.jetpack.pokedex.data.model.Pokemon>> declared in com.jetpack.pokedex.MainActivityKt.PokemonListScreen$lambda$9' type=androidx.compose.runtime.State<kotlin.collections.List<com.jetpack.pokedex.data.model.Pokemon>> origin=null
          $isLoading$delegate: GET_VAR '$isLoading$delegate: androidx.compose.runtime.State<kotlin.Boolean> declared in com.jetpack.pokedex.MainActivityKt.PokemonListScreen$lambda$9' type=androidx.compose.runtime.State<kotlin.Boolean> origin=null
          $errorMessage$delegate: GET_VAR '$errorMessage$delegate: androidx.compose.runtime.State<kotlin.String?> declared in com.jetpack.pokedex.MainActivityKt.PokemonListScreen$lambda$9' type=androidx.compose.runtime.State<kotlin.String?> origin=null
          $viewModel: GET_VAR '$viewModel: com.jetpack.pokedex.viewmodel.PokemonViewModel declared in com.jetpack.pokedex.MainActivityKt.PokemonListScreen$lambda$9' type=com.jetpack.pokedex.viewmodel.PokemonViewModel origin=null
          $canLoadMore$delegate: GET_VAR '$canLoadMore$delegate: androidx.compose.runtime.State<kotlin.Boolean> declared in com.jetpack.pokedex.MainActivityKt.PokemonListScreen$lambda$9' type=androidx.compose.runtime.State<kotlin.Boolean> origin=null
      $mask0: CONST Int type=kotlin.Int value=6
      $handler: CONST Null type=kotlin.Any? value=null

	at org.jetbrains.kotlin.backend.jvm.codegen.FunctionCodegen.generate(FunctionCodegen.kt:48)
	at org.jetbrains.kotlin.backend.jvm.codegen.FunctionCodegen.generate$default(FunctionCodegen.kt:41)
	at org.jetbrains.kotlin.backend.jvm.codegen.ClassCodegen.generateMethodNode(ClassCodegen.kt:407)
	at org.jetbrains.kotlin.backend.jvm.codegen.ClassCodegen.generateMethod(ClassCodegen.kt:424)
	at org.jetbrains.kotlin.backend.jvm.codegen.ClassCodegen.generate(ClassCodegen.kt:169)
	at org.jetbrains.kotlin.backend.jvm.FileCodegen.lower(JvmPhases.kt:39)
	at org.jetbrains.kotlin.backend.common.phaser.PhaseFactoriesKt.createFilePhase$lambda$4(PhaseFactories.kt:71)
	at org.jetbrains.kotlin.backend.common.phaser.PhaseBuildersKt$createSimpleNamedCompilerPhase$1.phaseBody(PhaseBuilders.kt:69)
	at org.jetbrains.kotlin.backend.common.phaser.SimpleNamedCompilerPhase.phaseBody(CompilerPhase.kt:226)
	at org.jetbrains.kotlin.backend.common.phaser.AbstractNamedCompilerPhase.invoke(CompilerPhase.kt:113)
	at org.jetbrains.kotlin.backend.common.phaser.PerformByIrFilePhase.invokeSequential(performByIrFile.kt:52)
	... 45 more
Caused by: java.lang.RuntimeException: Exception while generating code for:
FUN INLINE_LAMBDA name:PokemonListScreen$lambda$9$lambda$8 visibility:private modality:FINAL <> ($receiver:androidx.compose.foundation.layout.BoxScope, $pokemonList$delegate:androidx.compose.runtime.State<kotlin.collections.List<com.jetpack.pokedex.data.model.Pokemon>>, $isLoading$delegate:androidx.compose.runtime.State<kotlin.Boolean>, $errorMessage$delegate:androidx.compose.runtime.State<kotlin.String?>, $viewModel:com.jetpack.pokedex.viewmodel.PokemonViewModel, $canLoadMore$delegate:androidx.compose.runtime.State<kotlin.Boolean>) returnType:kotlin.Unit
  $receiver: VALUE_PARAMETER name:$this$Box type:androidx.compose.foundation.layout.BoxScope
  VALUE_PARAMETER BOUND_VALUE_PARAMETER name:$pokemonList$delegate index:0 type:androidx.compose.runtime.State<kotlin.collections.List<com.jetpack.pokedex.data.model.Pokemon>>
  VALUE_PARAMETER BOUND_VALUE_PARAMETER name:$isLoading$delegate index:1 type:androidx.compose.runtime.State<kotlin.Boolean>
  VALUE_PARAMETER BOUND_VALUE_PARAMETER name:$errorMessage$delegate index:2 type:androidx.compose.runtime.State<kotlin.String?>
  VALUE_PARAMETER BOUND_VALUE_PARAMETER name:$viewModel index:3 type:com.jetpack.pokedex.viewmodel.PokemonViewModel
  VALUE_PARAMETER BOUND_VALUE_PARAMETER name:$canLoadMore$delegate index:4 type:androidx.compose.runtime.State<kotlin.Boolean>
  BLOCK_BODY
    VAR name:$i$a$-Box$default-MainActivityKt$PokemonListScreen$1$1 type:kotlin.Int [val]
      CONST Int type=kotlin.Int value=0
    WHEN type=kotlin.Unit origin=IF
      BRANCH
        if: CALL 'public final fun ANDAND (arg0: kotlin.Boolean, arg1: kotlin.Boolean): kotlin.Boolean declared in kotlin.internal.ir' type=kotlin.Boolean origin=null
          arg0: CALL 'public abstract fun isEmpty (): kotlin.Boolean declared in kotlin.collections.List' type=kotlin.Boolean origin=null
            $this: CALL 'private final fun PokemonListScreen$lambda$0 ($pokemonList$delegate: androidx.compose.runtime.State<kotlin.collections.List<com.jetpack.pokedex.data.model.Pokemon>>): kotlin.collections.List<com.jetpack.pokedex.data.model.Pokemon> declared in com.jetpack.pokedex.MainActivityKt' type=kotlin.collections.List<com.jetpack.pokedex.data.model.Pokemon> origin=GET_LOCAL_PROPERTY
              $pokemonList$delegate: GET_VAR '$pokemonList$delegate: androidx.compose.runtime.State<kotlin.collections.List<com.jetpack.pokedex.data.model.Pokemon>> declared in com.jetpack.pokedex.MainActivityKt.PokemonListScreen$lambda$9$lambda$8' type=androidx.compose.runtime.State<kotlin.collections.List<com.jetpack.pokedex.data.model.Pokemon>> origin=null
          arg1: CALL 'private final fun PokemonListScreen$lambda$1 ($isLoading$delegate: androidx.compose.runtime.State<kotlin.Boolean>): kotlin.Boolean declared in com.jetpack.pokedex.MainActivityKt' type=kotlin.Boolean origin=GET_LOCAL_PROPERTY
            $isLoading$delegate: GET_VAR '$isLoading$delegate: androidx.compose.runtime.State<kotlin.Boolean> declared in com.jetpack.pokedex.MainActivityKt.PokemonListScreen$lambda$9$lambda$8' type=androidx.compose.runtime.State<kotlin.Boolean> origin=null
        then: BLOCK type=kotlin.Unit origin=null
          CALL 'public final fun CircularProgressIndicator-piYsEVY$default (modifier: androidx.compose.ui.Modifier?, color: androidx.compose.ui.graphics.Color, strokeWidth: androidx.compose.ui.unit.Dp, trackColor: androidx.compose.ui.graphics.Color, strokeCap: androidx.compose.ui.graphics.StrokeCap, $mask0: kotlin.Int, $handler: kotlin.Any?): kotlin.Unit declared in androidx.compose.material3.ProgressIndicatorKt' type=kotlin.Unit origin=DEFAULT_DISPATCH_CALL
            modifier: CALL 'public abstract fun align (alignment: androidx.compose.ui.Alignment): androidx.compose.ui.Modifier declared in androidx.compose.foundation.layout.BoxScope' type=androidx.compose.ui.Modifier origin=null
              $this: GET_VAR '$this$Box: androidx.compose.foundation.layout.BoxScope declared in com.jetpack.pokedex.MainActivityKt.PokemonListScreen$lambda$9$lambda$8' type=androidx.compose.foundation.layout.BoxScope origin=null
              $receiver: GET_FIELD 'FIELD FIELD_FOR_OBJECT_INSTANCE name:Companion type:androidx.compose.ui.Modifier.Companion visibility:public [final,static] declared in androidx.compose.ui.Modifier' type=androidx.compose.ui.Modifier.Companion origin=null
              alignment: CALL 'public final fun <get-Center> (): androidx.compose.ui.Alignment declared in androidx.compose.ui.Alignment.Companion' type=androidx.compose.ui.Alignment origin=GET_PROPERTY
                $this: GET_FIELD 'FIELD FIELD_FOR_OBJECT_INSTANCE name:Companion type:androidx.compose.ui.Alignment.Companion visibility:public [final,static] declared in androidx.compose.ui.Alignment' type=androidx.compose.ui.Alignment.Companion origin=null
            color: COMPOSITE type=androidx.compose.ui.graphics.Color origin=DEFAULT_VALUE
              CALL 'public final fun <unsafe-coerce> <T, R> (v: T of kotlin.jvm.internal.<unsafe-coerce>): R of kotlin.jvm.internal.<unsafe-coerce> declared in kotlin.jvm.internal' type=androidx.compose.ui.graphics.Color origin=null
                <T>: kotlin.Long
                <R>: androidx.compose.ui.graphics.Color
                v: CONST Long type=kotlin.Long value=0
            strokeWidth: COMPOSITE type=androidx.compose.ui.unit.Dp origin=DEFAULT_VALUE
              CALL 'public final fun <unsafe-coerce> <T, R> (v: T of kotlin.jvm.internal.<unsafe-coerce>): R of kotlin.jvm.internal.<unsafe-coerce> declared in kotlin.jvm.internal' type=androidx.compose.ui.unit.Dp origin=null
                <T>: kotlin.Float
                <R>: androidx.compose.ui.unit.Dp
                v: CONST Float type=kotlin.Float value=0.0
            trackColor: COMPOSITE type=androidx.compose.ui.graphics.Color origin=DEFAULT_VALUE
              CALL 'public final fun <unsafe-coerce> <T, R> (v: T of kotlin.jvm.internal.<unsafe-coerce>): R of kotlin.jvm.internal.<unsafe-coerce> declared in kotlin.jvm.internal' type=androidx.compose.ui.graphics.Color origin=null
                <T>: kotlin.Long
                <R>: androidx.compose.ui.graphics.Color
                v: CONST Long type=kotlin.Long value=0
            strokeCap: COMPOSITE type=androidx.compose.ui.graphics.StrokeCap origin=DEFAULT_VALUE
              CALL 'public final fun <unsafe-coerce> <T, R> (v: T of kotlin.jvm.internal.<unsafe-coerce>): R of kotlin.jvm.internal.<unsafe-coerce> declared in kotlin.jvm.internal' type=androidx.compose.ui.graphics.StrokeCap origin=null
                <T>: kotlin.Int
                <R>: androidx.compose.ui.graphics.StrokeCap
                v: CONST Int type=kotlin.Int value=0
            $mask0: CONST Int type=kotlin.Int value=30
            $handler: CONST Null type=kotlin.Any? value=null
      BRANCH
        if: CALL 'public abstract fun isEmpty (): kotlin.Boolean declared in kotlin.collections.List' type=kotlin.Boolean origin=null
          $this: CALL 'private final fun PokemonListScreen$lambda$0 ($pokemonList$delegate: androidx.compose.runtime.State<kotlin.collections.List<com.jetpack.pokedex.data.model.Pokemon>>): kotlin.collections.List<com.jetpack.pokedex.data.model.Pokemon> declared in com.jetpack.pokedex.MainActivityKt' type=kotlin.collections.List<com.jetpack.pokedex.data.model.Pokemon> origin=GET_LOCAL_PROPERTY
            $pokemonList$delegate: GET_VAR '$pokemonList$delegate: androidx.compose.runtime.State<kotlin.collections.List<com.jetpack.pokedex.data.model.Pokemon>> declared in com.jetpack.pokedex.MainActivityKt.PokemonListScreen$lambda$9$lambda$8' type=androidx.compose.runtime.State<kotlin.collections.List<com.jetpack.pokedex.data.model.Pokemon>> origin=null
        then: BLOCK type=kotlin.Unit origin=null
          CALL 'public final fun Column (modifier: androidx.compose.ui.Modifier, verticalArrangement: androidx.compose.foundation.layout.Arrangement.Vertical, horizontalAlignment: androidx.compose.ui.Alignment.Horizontal, content: @[Composable] @[ExtensionFunctionType] kotlin.Function1<androidx.compose.foundation.layout.ColumnScope, kotlin.Unit>): kotlin.Unit [inline] declared in androidx.compose.foundation.layout.ColumnKt' type=kotlin.Unit origin=null
            modifier: CALL 'public final fun padding-3ABfNKs (all: androidx.compose.ui.unit.Dp): androidx.compose.ui.Modifier declared in androidx.compose.foundation.layout.PaddingKt' type=androidx.compose.ui.Modifier origin=null
              $receiver: CALL 'public final fun fillMaxSize$default (fraction: kotlin.Float, $mask0: kotlin.Int, $handler: kotlin.Any?): androidx.compose.ui.Modifier declared in androidx.compose.foundation.layout.SizeKt' type=androidx.compose.ui.Modifier origin=DEFAULT_DISPATCH_CALL
                $receiver: GET_FIELD 'FIELD FIELD_FOR_OBJECT_INSTANCE name:Companion type:androidx.compose.ui.Modifier.Companion visibility:public [final,static] declared in androidx.compose.ui.Modifier' type=androidx.compose.ui.Modifier.Companion origin=null
                fraction: COMPOSITE type=kotlin.Float origin=DEFAULT_VALUE
                  CONST Float type=kotlin.Float value=0.0
                $mask0: CONST Int type=kotlin.Int value=1
                $handler: CONST Null type=kotlin.Any? value=null
              all: CALL 'public final fun <get-dp> (): androidx.compose.ui.unit.Dp [inline] declared in androidx.compose.ui.unit.DpKt' type=androidx.compose.ui.unit.Dp origin=GET_PROPERTY
                $receiver: CONST Int type=kotlin.Int value=16
            verticalArrangement: CALL 'public final fun <get-Center> (): androidx.compose.foundation.layout.Arrangement.HorizontalOrVertical declared in androidx.compose.foundation.layout.Arrangement' type=androidx.compose.foundation.layout.Arrangement.HorizontalOrVertical origin=GET_PROPERTY
              $this: GET_FIELD 'FIELD FIELD_FOR_OBJECT_INSTANCE name:INSTANCE type:androidx.compose.foundation.layout.Arrangement visibility:public [final,static] declared in androidx.compose.foundation.layout.Arrangement' type=androidx.compose.foundation.layout.Arrangement origin=null
            horizontalAlignment: CALL 'public final fun <get-CenterHorizontally> (): androidx.compose.ui.Alignment.Horizontal declared in androidx.compose.ui.Alignment.Companion' type=androidx.compose.ui.Alignment.Horizontal origin=GET_PROPERTY
              $this: GET_FIELD 'FIELD FIELD_FOR_OBJECT_INSTANCE name:Companion type:androidx.compose.ui.Alignment.Companion visibility:public [final,static] declared in androidx.compose.ui.Alignment' type=androidx.compose.ui.Alignment.Companion origin=null
            content: BLOCK type=@[ExtensionFunctionType] kotlin.Function1<androidx.compose.foundation.layout.ColumnScope, kotlin.Unit> origin=LAMBDA
              COMPOSITE type=kotlin.Unit origin=null
              FUNCTION_REFERENCE 'private final fun PokemonListScreen$lambda$9$lambda$8$lambda$6 ($errorMessage$delegate: androidx.compose.runtime.State<kotlin.String?>, $viewModel: com.jetpack.pokedex.viewmodel.PokemonViewModel): kotlin.Unit declared in com.jetpack.pokedex.MainActivityKt' type=@[ExtensionFunctionType] kotlin.Function1<androidx.compose.foundation.layout.ColumnScope, kotlin.Unit> origin=INLINE_LAMBDA reflectionTarget=null
                $errorMessage$delegate: GET_VAR '$errorMessage$delegate: androidx.compose.runtime.State<kotlin.String?> declared in com.jetpack.pokedex.MainActivityKt.PokemonListScreen$lambda$9$lambda$8' type=androidx.compose.runtime.State<kotlin.String?> origin=null
                $viewModel: GET_VAR '$viewModel: com.jetpack.pokedex.viewmodel.PokemonViewModel declared in com.jetpack.pokedex.MainActivityKt.PokemonListScreen$lambda$9$lambda$8' type=com.jetpack.pokedex.viewmodel.PokemonViewModel origin=null
      BRANCH
        if: CONST Boolean type=kotlin.Boolean value=true
        then: BLOCK type=kotlin.Unit origin=null
          CALL 'public final fun PokemonLazyList (pokemonList: kotlin.collections.List<com.jetpack.pokedex.data.model.Pokemon>, isLoadingMore: kotlin.Boolean, canLoadMore: kotlin.Boolean, onLoadMore: kotlin.Function0<kotlin.Unit>): kotlin.Unit declared in com.jetpack.pokedex.MainActivityKt' type=kotlin.Unit origin=null
            pokemonList: CALL 'private final fun PokemonListScreen$lambda$0 ($pokemonList$delegate: androidx.compose.runtime.State<kotlin.collections.List<com.jetpack.pokedex.data.model.Pokemon>>): kotlin.collections.List<com.jetpack.pokedex.data.model.Pokemon> declared in com.jetpack.pokedex.MainActivityKt' type=kotlin.collections.List<com.jetpack.pokedex.data.model.Pokemon> origin=GET_LOCAL_PROPERTY
              $pokemonList$delegate: GET_VAR '$pokemonList$delegate: androidx.compose.runtime.State<kotlin.collections.List<com.jetpack.pokedex.data.model.Pokemon>> declared in com.jetpack.pokedex.MainActivityKt.PokemonListScreen$lambda$9$lambda$8' type=androidx.compose.runtime.State<kotlin.collections.List<com.jetpack.pokedex.data.model.Pokemon>> origin=null
            isLoadingMore: CALL 'public final fun ANDAND (arg0: kotlin.Boolean, arg1: kotlin.Boolean): kotlin.Boolean declared in kotlin.internal.ir' type=kotlin.Boolean origin=null
              arg0: CALL 'private final fun PokemonListScreen$lambda$1 ($isLoading$delegate: androidx.compose.runtime.State<kotlin.Boolean>): kotlin.Boolean declared in com.jetpack.pokedex.MainActivityKt' type=kotlin.Boolean origin=GET_LOCAL_PROPERTY
                $isLoading$delegate: GET_VAR '$isLoading$delegate: androidx.compose.runtime.State<kotlin.Boolean> declared in com.jetpack.pokedex.MainActivityKt.PokemonListScreen$lambda$9$lambda$8' type=androidx.compose.runtime.State<kotlin.Boolean> origin=null
              arg1: CALL 'public final fun isNotEmpty <T> (): kotlin.Boolean [inline] declared in kotlin.collections.CollectionsKt' type=kotlin.Boolean origin=null
                <T>: com.jetpack.pokedex.data.model.Pokemon
                $receiver: CALL 'private final fun PokemonListScreen$lambda$0 ($pokemonList$delegate: androidx.compose.runtime.State<kotlin.collections.List<com.jetpack.pokedex.data.model.Pokemon>>): kotlin.collections.List<com.jetpack.pokedex.data.model.Pokemon> declared in com.jetpack.pokedex.MainActivityKt' type=kotlin.collections.List<com.jetpack.pokedex.data.model.Pokemon> origin=GET_LOCAL_PROPERTY
                  $pokemonList$delegate: GET_VAR '$pokemonList$delegate: androidx.compose.runtime.State<kotlin.collections.List<com.jetpack.pokedex.data.model.Pokemon>> declared in com.jetpack.pokedex.MainActivityKt.PokemonListScreen$lambda$9$lambda$8' type=androidx.compose.runtime.State<kotlin.collections.List<com.jetpack.pokedex.data.model.Pokemon>> origin=null
            canLoadMore: CALL 'private final fun PokemonListScreen$lambda$3 ($canLoadMore$delegate: androidx.compose.runtime.State<kotlin.Boolean>): kotlin.Boolean declared in com.jetpack.pokedex.MainActivityKt' type=kotlin.Boolean origin=GET_LOCAL_PROPERTY
              $canLoadMore$delegate: GET_VAR '$canLoadMore$delegate: androidx.compose.runtime.State<kotlin.Boolean> declared in com.jetpack.pokedex.MainActivityKt.PokemonListScreen$lambda$9$lambda$8' type=androidx.compose.runtime.State<kotlin.Boolean> origin=null
            onLoadMore: BLOCK type=kotlin.Function0<kotlin.Unit> origin=LAMBDA
              COMPOSITE type=kotlin.Unit origin=null
              CALL 'public final fun <jvm-indy> <T> (dynamicCall: T of kotlin.jvm.internal.<jvm-indy>, bootstrapMethodHandle: kotlin.Any, vararg bootstrapMethodArguments: kotlin.Any): T of kotlin.jvm.internal.<jvm-indy> declared in kotlin.jvm.internal' type=kotlin.Function0<kotlin.Unit> origin=null
                <T>: kotlin.Function0<kotlin.Unit>
                dynamicCall: CALL 'public final fun invoke (p0: com.jetpack.pokedex.viewmodel.PokemonViewModel): kotlin.Function0<kotlin.Unit> declared in kotlin.jvm.internal.invokeDynamic' type=kotlin.Function0<kotlin.Unit> origin=null
                  p0: GET_VAR '$viewModel: com.jetpack.pokedex.viewmodel.PokemonViewModel declared in com.jetpack.pokedex.MainActivityKt.PokemonListScreen$lambda$9$lambda$8' type=com.jetpack.pokedex.viewmodel.PokemonViewModel origin=null
                bootstrapMethodHandle: CALL 'public final fun <jvm-method-handle> (tag: kotlin.Int, owner: kotlin.String, name: kotlin.String, descriptor: kotlin.String, isInterface: kotlin.Boolean): kotlin.Any declared in kotlin.jvm.internal' type=kotlin.Any origin=null
                  tag: CONST Int type=kotlin.Int value=6
                  owner: CONST String type=kotlin.String value="java/lang/invoke/LambdaMetafactory"
                  name: CONST String type=kotlin.String value="metafactory"
                  descriptor: CONST String type=kotlin.String value="(Ljava/lang/invoke/MethodHandles$Lookup;Ljava/lang/String;Ljava/lang/invoke/MethodType;Ljava/lang/invoke/MethodType;Ljava/lang/invoke/MethodHandle;Ljava/lang/invoke/MethodType;)Ljava/lang/invoke/CallSite;"
                  isInterface: CONST Boolean type=kotlin.Boolean value=false
                bootstrapMethodArguments: VARARG type=kotlin.Array<kotlin.Any> varargElementType=kotlin.Any
                  CALL 'public final fun <jvm-original-method-type> (method: kotlin.Any): kotlin.Any declared in kotlin.jvm.internal' type=kotlin.Any origin=null
                    method: RAW_FUNCTION_REFERENCE 'public abstract fun invoke (): R of kotlin.Function0 [operator] declared in kotlin.Function0' type=kotlin.Any
                  RAW_FUNCTION_REFERENCE 'private final fun PokemonListScreen$lambda$9$lambda$8$lambda$7 ($viewModel: com.jetpack.pokedex.viewmodel.PokemonViewModel): kotlin.Unit? declared in com.jetpack.pokedex.MainActivityKt' type=kotlin.Any
                  CALL 'public final fun <jvm-original-method-type> (method: kotlin.Any): kotlin.Any declared in kotlin.jvm.internal' type=kotlin.Any origin=null
                    method: RAW_FUNCTION_REFERENCE 'public abstract fun invoke (): kotlin.Unit? [fake_override,operator] declared in kotlin.jvm.internal.invokeDynamic.<fake>' type=kotlin.Any

	at org.jetbrains.kotlin.backend.jvm.codegen.FunctionCodegen.generate(FunctionCodegen.kt:48)
	at org.jetbrains.kotlin.backend.jvm.codegen.IrSourceCompilerForInline.generateLambdaBody(IrSourceCompilerForInline.kt:67)
	at org.jetbrains.kotlin.codegen.inline.ExpressionLambda.generateLambdaBody(LambdaInfo.kt:72)
	at org.jetbrains.kotlin.backend.jvm.codegen.IrInlineCodegen.genValueAndPut(IrInlineCodegen.kt:100)
	at org.jetbrains.kotlin.backend.jvm.codegen.ExpressionCodegen.visitCall$handleParameter(ExpressionCodegen.kt:561)
	at org.jetbrains.kotlin.backend.jvm.codegen.ExpressionCodegen.visitCall(ExpressionCodegen.kt:589)
	at org.jetbrains.kotlin.backend.jvm.codegen.ExpressionCodegen.visitCall(ExpressionCodegen.kt:134)
	at org.jetbrains.kotlin.ir.expressions.IrCall.accept(IrCall.kt:24)
	at org.jetbrains.kotlin.backend.jvm.codegen.ExpressionCodegen.visitStatementContainer(ExpressionCodegen.kt:524)
	at org.jetbrains.kotlin.backend.jvm.codegen.ExpressionCodegen.visitBlockBody(ExpressionCodegen.kt:529)
	at org.jetbrains.kotlin.backend.jvm.codegen.ExpressionCodegen.visitBlockBody(ExpressionCodegen.kt:134)
	at org.jetbrains.kotlin.ir.expressions.IrBlockBody.accept(IrBlockBody.kt:20)
	at org.jetbrains.kotlin.backend.jvm.codegen.ExpressionCodegen.generate(ExpressionCodegen.kt:236)
	at org.jetbrains.kotlin.backend.jvm.codegen.FunctionCodegen.doGenerate(FunctionCodegen.kt:124)
	at org.jetbrains.kotlin.backend.jvm.codegen.FunctionCodegen.generate(FunctionCodegen.kt:45)
	... 55 more
Caused by: org.jetbrains.kotlin.codegen.CompilationException: Back-end (JVM) Internal error: Couldn't inline method call: CALL 'public final fun Column (modifier: androidx.compose.ui.Modifier, verticalArrangement: androidx.compose.foundation.layout.Arrangement.Vertical, horizontalAlignment: androidx.compose.ui.Alignment.Horizontal, content: @[Composable] @[ExtensionFunctionType] kotlin.Function1<androidx.compose.foundation.layout.ColumnScope, kotlin.Unit>): kotlin.Unit [inline] declared in androidx.compose.foundation.layout.ColumnKt' type=kotlin.Unit origin=null
Method: null
File is unknown
The root cause java.lang.IllegalStateException was thrown at: org.jetbrains.kotlin.codegen.inline.SourceCompilerForInlineKt.getMethodNode(SourceCompilerForInline.kt:118)
	at org.jetbrains.kotlin.codegen.inline.InlineCodegen.performInline(InlineCodegen.kt:65)
	at org.jetbrains.kotlin.backend.jvm.codegen.IrInlineCodegen.genInlineCall(IrInlineCodegen.kt:163)
	at org.jetbrains.kotlin.backend.jvm.codegen.IrInlineCallGenerator.genCall(IrInlineCallGenerator.kt:36)
	at org.jetbrains.kotlin.backend.jvm.codegen.ExpressionCodegen.visitCall(ExpressionCodegen.kt:598)
	at org.jetbrains.kotlin.backend.jvm.codegen.ExpressionCodegen.visitCall(ExpressionCodegen.kt:134)
	at org.jetbrains.kotlin.ir.expressions.IrCall.accept(IrCall.kt:24)
	at org.jetbrains.kotlin.backend.jvm.codegen.ExpressionCodegen.visitStatementContainer(ExpressionCodegen.kt:524)
	at org.jetbrains.kotlin.backend.jvm.codegen.ExpressionCodegen.visitContainerExpression(ExpressionCodegen.kt:538)
	at org.jetbrains.kotlin.backend.jvm.codegen.ExpressionCodegen.visitContainerExpression(ExpressionCodegen.kt:134)
	at org.jetbrains.kotlin.ir.visitors.IrElementVisitor$DefaultImpls.visitBlock(IrElementVisitor.kt:126)
	at org.jetbrains.kotlin.backend.jvm.codegen.ExpressionCodegen.visitBlock(ExpressionCodegen.kt:409)
	at org.jetbrains.kotlin.backend.jvm.codegen.ExpressionCodegen.visitBlock(ExpressionCodegen.kt:134)
	at org.jetbrains.kotlin.ir.expressions.IrBlock.accept(IrBlock.kt:18)
	at org.jetbrains.kotlin.backend.jvm.codegen.ExpressionCodegen.visitWhen(ExpressionCodegen.kt:1050)
	at org.jetbrains.kotlin.backend.jvm.codegen.ExpressionCodegen.visitWhen(ExpressionCodegen.kt:134)
	at org.jetbrains.kotlin.ir.expressions.IrWhen.accept(IrWhen.kt:24)
	at org.jetbrains.kotlin.backend.jvm.codegen.ExpressionCodegen.visitStatementContainer(ExpressionCodegen.kt:524)
	at org.jetbrains.kotlin.backend.jvm.codegen.ExpressionCodegen.visitBlockBody(ExpressionCodegen.kt:529)
	at org.jetbrains.kotlin.backend.jvm.codegen.ExpressionCodegen.visitBlockBody(ExpressionCodegen.kt:134)
	at org.jetbrains.kotlin.ir.expressions.IrBlockBody.accept(IrBlockBody.kt:20)
	at org.jetbrains.kotlin.backend.jvm.codegen.ExpressionCodegen.generate(ExpressionCodegen.kt:236)
	at org.jetbrains.kotlin.backend.jvm.codegen.FunctionCodegen.doGenerate(FunctionCodegen.kt:124)
	at org.jetbrains.kotlin.backend.jvm.codegen.FunctionCodegen.generate(FunctionCodegen.kt:45)
	... 69 more
Caused by: java.lang.IllegalStateException: couldn't find inline method Landroidx/compose/foundation/layout/ColumnKt;.Column(Landroidx/compose/ui/Modifier;Landroidx/compose/foundation/layout/Arrangement$Vertical;Landroidx/compose/ui/Alignment$Horizontal;Lkotlin/jvm/functions/Function1;)V
	at org.jetbrains.kotlin.codegen.inline.SourceCompilerForInlineKt.getMethodNode(SourceCompilerForInline.kt:118)
	at org.jetbrains.kotlin.codegen.inline.SourceCompilerForInlineKt.loadCompiledInlineFunction(SourceCompilerForInline.kt:96)
	at org.jetbrains.kotlin.backend.jvm.codegen.IrSourceCompilerForInline.compileInlineFunction(IrSourceCompilerForInline.kt:91)
	at org.jetbrains.kotlin.codegen.inline.InlineCodegen.compileInline(InlineCodegen.kt:43)
	at org.jetbrains.kotlin.codegen.inline.InlineCodegen.performInline(InlineCodegen.kt:51)
	... 91 more


